<?xml version="1.0" encoding="UTF-8"?>
<!-- Generated by org.testng.reporters.JUnitXMLReporter -->
<testsuite ignored="0" hostname="DESKTOP-GN4I2R3" failures="0" tests="5" name="Default test" time="36.422" errors="0" timestamp="2023-06-26T22:35:09 IST">
  <testcase classname="ActiTime.TestCase1" name="c" time="0.01"/>
  <testcase classname="ActiTime.TestCase1" name="c" time="0.004"/>
  <testcase classname="ActiTime.TestCase1" name="b" time="0.001"/>
  <testcase classname="ActiTime.TestCase1" name="a" time="0.006"/>
  <testcase classname="ActiTime.TestCase1" name="a" time="0.001"/>
</testsuite> <!-- Default test -->
